<?xml version="1.0" encoding="UTF-8"?>
<!-- Generated by org.testng.reporters.JUnitReportReporter -->
<testsuite hostname="DESKTOP-LILEBQG" failures="0" tests="4" name="com.tesescripts.demoblaze.Sample2" time="-1676079104.000" errors="1" timestamp="2023-02-11T07:01:21 IST" skipped="3">
  <testcase classname="com.tesescripts.demoblaze.Sample2" name="configBsTest" time="-1676079104.000">
    <error message="
Parameter &#039;browser&#039; is required by BeforeTest on method configBsTest but has not been marked @Optional or defined
in D:\Selenium\Samarth_Demoblaze\strdytestng.xml" type="org.testng.TestNGException">
      <![CDATA[org.testng.TestNGException: 
Parameter 'browser' is required by BeforeTest on method configBsTest but has not been marked @Optional or defined
in D:\Selenium\Samarth_Demoblaze\strdytestng.xml
at org.testng.internal.Parameters.createParams(Parameters.java:270)
at org.testng.internal.Parameters.createParametersForMethod(Parameters.java:358)
at org.testng.internal.Parameters.createParameters(Parameters.java:700)
at org.testng.internal.Parameters.createConfigurationParameters(Parameters.java:168)
at org.testng.internal.ConfigInvoker.invokeConfigurations(ConfigInvoker.java:302)
at org.testng.TestRunner.invokeTestConfigurations(TestRunner.java:637)
at org.testng.TestRunner.beforeRun(TestRunner.java:627)
at org.testng.TestRunner.run(TestRunner.java:589)
at org.testng.SuiteRunner.runTest(SuiteRunner.java:377)
at org.testng.SuiteRunner.runSequentially(SuiteRunner.java:371)
at org.testng.SuiteRunner.privateRun(SuiteRunner.java:332)
at org.testng.SuiteRunner.run(SuiteRunner.java:276)
at org.testng.SuiteRunnerWorker.runSuite(SuiteRunnerWorker.java:53)
at org.testng.SuiteRunnerWorker.run(SuiteRunnerWorker.java:96)
at org.testng.TestNG.runSuitesSequentially(TestNG.java:1212)
at org.testng.TestNG.runSuitesLocally(TestNG.java:1134)
at org.testng.TestNG.runSuites(TestNG.java:1063)
at org.testng.TestNG.run(TestNG.java:1031)
at org.testng.remote.AbstractRemoteTestNG.run(AbstractRemoteTestNG.java:115)
at org.testng.remote.RemoteTestNG.initAndRun(RemoteTestNG.java:251)
at org.testng.remote.RemoteTestNG.main(RemoteTestNG.java:77)
]]>
    </error>
  </testcase> <!-- configBsTest -->
  <system-out/>
  <testcase classname="com.tesescripts.demoblaze.Sample2" name="test5" time="0.000">
    <skipped/>
  </testcase> <!-- test5 -->
  <system-out/>
  <testcase classname="com.tesescripts.demoblaze.Sample2" name="test6" time="0.000">
    <skipped/>
  </testcase> <!-- test6 -->
  <system-out/>
  <testcase classname="com.tesescripts.demoblaze.Sample2" name="test4" time="0.000">
    <skipped/>
  </testcase> <!-- test4 -->
  <system-out/>
</testsuite> <!-- com.tesescripts.demoblaze.Sample2 -->
